<?xml version="1.0" encoding="UTF-8"?>
<!-- Generated by org.testng.reporters.JUnitXMLReporter -->
<testsuite ignored="5" hostname="DESKTOP-N3GK8DL" failures="0" tests="1" name="Default test" time="17.062" errors="0" timestamp="2025-05-03T16:36:53 IST">
  <testcase classname="Tests.AdminPage" name="Login" time="2.767"/>
  <testcase classname="Tests.AdminPage" name="returntohome" time="0.0">
    <ignored/>
  </testcase> <!-- returntohome -->
  <testcase classname="Tests.AdminPage" name="filldetails" time="0.0">
    <ignored/>
  </testcase> <!-- filldetails -->
  <testcase classname="Tests.AdminPage" name="checkout" time="0.0">
    <ignored/>
  </testcase> <!-- checkout -->
  <testcase classname="Tests.AdminPage" name="finish" time="0.0">
    <ignored/>
  </testcase> <!-- finish -->
  <testcase classname="Tests.AdminPage" name="AddCart" time="0.0">
    <ignored/>
  </testcase> <!-- AddCart -->
</testsuite> <!-- Default test -->
